C:\USERS\KABUSH\DOCUMENTS\VISUAL STUDIO 2010\PROJECTS\CPSC.2377.FALL.2012.HMWKS\DEBUG\HMWK.5.ASSIGNMENT.EXE
C:\USERS\KABUSH\DOCUMENTS\VISUAL STUDIO 2010\PROJECTS\CPSC.2377.FALL.2012.HMWKS\DEBUG\HMWK.5.ASSIGNMENT.ILK
C:\USERS\KABUSH\DOCUMENTS\VISUAL STUDIO 2010\PROJECTS\CPSC.2377.FALL.2012.HMWKS\DEBUG\HMWK.5.ASSIGNMENT.PDB
C:\USERS\KABUSH\DOCUMENTS\VISUAL STUDIO 2010\PROJECTS\CPSC.2377.FALL.2012.HMWKS\HMWK.5.ASSIGNMENT\DEBUG\BLOCK.OBJ
C:\USERS\KABUSH\DOCUMENTS\VISUAL STUDIO 2010\PROJECTS\CPSC.2377.FALL.2012.HMWKS\HMWK.5.ASSIGNMENT\DEBUG\BULLET.OBJ
C:\USERS\KABUSH\DOCUMENTS\VISUAL STUDIO 2010\PROJECTS\CPSC.2377.FALL.2012.HMWKS\HMWK.5.ASSIGNMENT\DEBUG\ENGINE.OBJ
C:\USERS\KABUSH\DOCUMENTS\VISUAL STUDIO 2010\PROJECTS\CPSC.2377.FALL.2012.HMWKS\HMWK.5.ASSIGNMENT\DEBUG\GAMEOBJECT.OBJ
C:\USERS\KABUSH\DOCUMENTS\VISUAL STUDIO 2010\PROJECTS\CPSC.2377.FALL.2012.HMWKS\HMWK.5.ASSIGNMENT\DEBUG\GUI.OBJ
C:\USERS\KABUSH\DOCUMENTS\VISUAL STUDIO 2010\PROJECTS\CPSC.2377.FALL.2012.HMWKS\HMWK.5.ASSIGNMENT\DEBUG\HMWK.5.ASSIGNMENT.EXE.INTERMEDIATE.MANIFEST
C:\USERS\KABUSH\DOCUMENTS\VISUAL STUDIO 2010\PROJECTS\CPSC.2377.FALL.2012.HMWKS\HMWK.5.ASSIGNMENT\DEBUG\HMWK.5.OBJ
C:\USERS\KABUSH\DOCUMENTS\VISUAL STUDIO 2010\PROJECTS\CPSC.2377.FALL.2012.HMWKS\HMWK.5.ASSIGNMENT\DEBUG\MEGAMAN.OBJ
C:\USERS\KABUSH\DOCUMENTS\VISUAL STUDIO 2010\PROJECTS\CPSC.2377.FALL.2012.HMWKS\HMWK.5.ASSIGNMENT\DEBUG\TIMER.OBJ
C:\USERS\KABUSH\DOCUMENTS\VISUAL STUDIO 2010\PROJECTS\CPSC.2377.FALL.2012.HMWKS\HMWK.5.ASSIGNMENT\DEBUG\VC100.PDB
C:\USERS\SHAUN\DESKTOP\HMWK.5.RELEASED\DEBUG\BLOCK.OBJ
C:\USERS\SHAUN\DESKTOP\HMWK.5.RELEASED\DEBUG\BULLET.OBJ
C:\Users\Shaun\Desktop\Hmwk.5.Released\Debug\cl.command.1.tlog
C:\Users\Shaun\Desktop\Hmwk.5.Released\Debug\CL.read.1.tlog
C:\Users\Shaun\Desktop\Hmwk.5.Released\Debug\CL.write.1.tlog
C:\USERS\SHAUN\DESKTOP\HMWK.5.RELEASED\DEBUG\ENGINE.OBJ
C:\USERS\SHAUN\DESKTOP\HMWK.5.RELEASED\DEBUG\GAMEOBJECT.OBJ
C:\USERS\SHAUN\DESKTOP\HMWK.5.RELEASED\DEBUG\GUI.OBJ
C:\USERS\SHAUN\DESKTOP\HMWK.5.RELEASED\DEBUG\HMWK.5.ASSIGNMENT.EXE
C:\Users\Shaun\Desktop\Hmwk.5.Released\Debug\Hmwk.5.Assignment.exe.intermediate.manifest
C:\Users\Shaun\Desktop\Hmwk.5.Released\Debug\Hmwk.5.Assignment.pdb
C:\USERS\SHAUN\DESKTOP\HMWK.5.RELEASED\DEBUG\HMWK.5.OBJ
C:\Users\Shaun\Desktop\Hmwk.5.Released\Debug\link.command.1.tlog
C:\Users\Shaun\Desktop\Hmwk.5.Released\Debug\link.read.1.tlog
C:\Users\Shaun\Desktop\Hmwk.5.Released\Debug\link.write.1.tlog
C:\USERS\SHAUN\DESKTOP\HMWK.5.RELEASED\DEBUG\MEGAMAN.OBJ
C:\Users\Shaun\Desktop\Hmwk.5.Released\Debug\mt.command.1.tlog
C:\Users\Shaun\Desktop\Hmwk.5.Released\Debug\mt.read.1.tlog
C:\Users\Shaun\Desktop\Hmwk.5.Released\Debug\mt.write.1.tlog
C:\USERS\SHAUN\DESKTOP\HMWK.5.RELEASED\DEBUG\TIMER.OBJ
C:\Users\Shaun\Desktop\Hmwk.5.Released\Debug\vc100.idb
C:\USERS\SHAUN\DESKTOP\HMWK.5.RELEASED\DEBUG\VC100.PDB
